#-----------------------------------------------------------
# Vivado v2018.3 (64-bit)
# SW Build 2405991 on Thu Dec  6 23:38:27 MST 2018
# IP Build 2404404 on Fri Dec  7 01:43:56 MST 2018
# Start of session at: Mon Dec 21 19:35:23 2020
# Process ID: 10084
# Current directory: F:/FPGAexperiment1/vga
# Command line: vivado.exe -gui_launcher_event rodinguilauncherevent9736 F:\FPGAexperiment1\vga\vga.xpr
# Log file: F:/FPGAexperiment1/vga/vivado.log
# Journal file: F:/FPGAexperiment1/vga\vivado.jou
#-----------------------------------------------------------
start_gui
open_project F:/FPGAexperiment1/vga/vga.xpr
Scanning sources...
Finished scanning sources
INFO: [IP_Flow 19-234] Refreshing IP repositories
INFO: [IP_Flow 19-1704] No user IP repositories specified
INFO: [IP_Flow 19-2313] Loaded Vivado IP repository 'D:/Xilinx/Vivado/2018.3/data/ip'.
open_project: Time (s): cpu = 00:00:16 ; elapsed = 00:00:10 . Memory (MB): peak = 690.012 ; gain = 96.246
update_compile_order -fileset sources_1
exit
INFO: [Common 17-206] Exiting Vivado at Mon Dec 21 19:45:40 2020...
