Copyright 1986-2018 Xilinx, Inc. All Rights Reserved.
-------------------------------------------------------------------------------------------------------------------------------------------------------------------
| Tool Version     : Vivado v.2018.3 (win64) Build 2405991 Thu Dec  6 23:38:27 MST 2018
| Date             : Mon Dec 21 19:48:29 2020
| Host             : DESKTOP-IDAELR9 running 64-bit major release  (build 9200)
| Command          : report_power -file vga_movelog_top_power_routed.rpt -pb vga_movelog_top_power_summary_routed.pb -rpx vga_movelog_top_power_routed.rpx
| Design           : vga_movelog_top
| Device           : xc7a35tcsg324-1
| Design State     : routed
| Grade            : commercial
| Process          : typical
| Characterization : Production
-------------------------------------------------------------------------------------------------------------------------------------------------------------------

Power Report

Table of Contents
-----------------
1. Summary
1.1 On-Chip Components
1.2 Power Supply Summary
1.3 Confidence Level
2. Settings
2.1 Environment
2.2 Clock Constraints
3. Detailed Reports
3.1 By Hierarchy

1. Summary
----------

+--------------------------+--------------+
| Total On-Chip Power (W)  | 0.175        |
| Design Power Budget (W)  | Unspecified* |
| Power Budget Margin (W)  | NA           |
| Dynamic (W)              | 0.102        |
| Device Static (W)        | 0.072        |
| Effective TJA (C/W)      | 4.8          |
| Max Ambient (C)          | 84.2         |
| Junction Temperature (C) | 25.8         |
| Confidence Level         | Medium       |
| Setting File             | ---          |
| Simulation Activity File | ---          |
| Design Nets Matched      | NA           |
+--------------------------+--------------+
* Specify Design Power Budget using, set_operating_conditions -design_power_budget <value in Watts>


1.1 On-Chip Components
----------------------

+----------------+-----------+----------+-----------+-----------------+
| On-Chip        | Power (W) | Used     | Available | Utilization (%) |
+----------------+-----------+----------+-----------+-----------------+
| Clocks         |    <0.001 |        5 |       --- |             --- |
| Slice Logic    |    <0.001 |      340 |       --- |             --- |
|   LUT as Logic |    <0.001 |      155 |     20800 |            0.75 |
|   CARRY4       |    <0.001 |       18 |      8150 |            0.22 |
|   Register     |    <0.001 |       91 |     41600 |            0.22 |
|   F7/F8 Muxes  |    <0.001 |        9 |     32600 |            0.03 |
|   Others       |     0.000 |       29 |       --- |             --- |
| Signals        |    <0.001 |      228 |       --- |             --- |
| Block RAM      |    <0.001 |        5 |        50 |           10.00 |
| PLL            |     0.098 |        1 |         5 |           20.00 |
| I/O            |     0.003 |       16 |       210 |            7.62 |
| Static Power   |     0.072 |          |           |                 |
| Total          |     0.175 |          |           |                 |
+----------------+-----------+----------+-----------+-----------------+


1.2 Power Supply Summary
------------------------

+-----------+-------------+-----------+-------------+------------+
| Source    | Voltage (V) | Total (A) | Dynamic (A) | Static (A) |
+-----------+-------------+-----------+-------------+------------+
| Vccint    |       1.000 |     0.020 |       0.010 |      0.010 |
| Vccaux    |       1.800 |     0.062 |       0.049 |      0.013 |
| Vcco33    |       3.300 |     0.002 |       0.001 |      0.001 |
| Vcco25    |       2.500 |     0.000 |       0.000 |      0.000 |
| Vcco18    |       1.800 |     0.000 |       0.000 |      0.000 |
| Vcco15    |       1.500 |     0.000 |       0.000 |      0.000 |
| Vcco135   |       1.350 |     0.000 |       0.000 |      0.000 |
| Vcco12    |       1.200 |     0.000 |       0.000 |      0.000 |
| Vccaux_io |       1.800 |     0.000 |       0.000 |      0.000 |
| Vccbram   |       1.000 |     0.000 |       0.000 |      0.000 |
| MGTAVcc   |       1.000 |     0.000 |       0.000 |      0.000 |
| MGTAVtt   |       1.200 |     0.000 |       0.000 |      0.000 |
| Vccadc    |       1.800 |     0.020 |       0.000 |      0.020 |
+-----------+-------------+-----------+-------------+------------+


1.3 Confidence Level
--------------------

+-----------------------------+------------+-------------------------------------------------------+------------------------------------------------------------------------------------------------------------+
| User Input Data             | Confidence | Details                                               | Action                                                                                                     |
+-----------------------------+------------+-------------------------------------------------------+------------------------------------------------------------------------------------------------------------+
| Design implementation state | High       | Design is routed                                      |                                                                                                            |
| Clock nodes activity        | High       | User specified more than 95% of clocks                |                                                                                                            |
| I/O nodes activity          | Medium     | More than 5% of inputs are missing user specification | Provide missing input activity with simulation results or by editing the "By Resource Type -> I/Os" view   |
| Internal nodes activity     | Medium     | User specified less than 25% of internal nodes        | Provide missing internal nodes activity with simulation results or by editing the "By Resource Type" views |
| Device models               | High       | Device models are Production                          |                                                                                                            |
|                             |            |                                                       |                                                                                                            |
| Overall confidence level    | Medium     |                                                       |                                                                                                            |
+-----------------------------+------------+-------------------------------------------------------+------------------------------------------------------------------------------------------------------------+


2. Settings
-----------

2.1 Environment
---------------

+-----------------------+--------------------------+
| Ambient Temp (C)      | 25.0                     |
| ThetaJA (C/W)         | 4.8                      |
| Airflow (LFM)         | 250                      |
| Heat Sink             | medium (Medium Profile)  |
| ThetaSA (C/W)         | 4.6                      |
| Board Selection       | medium (10"x10")         |
| # of Board Layers     | 12to15 (12 to 15 Layers) |
| Board Temperature (C) | 25.0                     |
+-----------------------+--------------------------+


2.2 Clock Constraints
---------------------

+--------------------+-------------------------------------+-----------------+
| Clock              | Domain                              | Constraint (ns) |
+--------------------+-------------------------------------+-----------------+
| clk                | clk                                 |            10.0 |
| clk_out1_clk_wiz_0 | u_clk_wiz_0/inst/clk_out1_clk_wiz_0 |            40.0 |
| clkfbout_clk_wiz_0 | u_clk_wiz_0/inst/clkfbout_clk_wiz_0 |            40.0 |
+--------------------+-------------------------------------+-----------------+


3. Detailed Reports
-------------------

3.1 By Hierarchy
----------------

+-----------------+-----------+
| Name            | Power (W) |
+-----------------+-----------+
| vga_movelog_top |     0.102 |
|   u_clk_wiz_0   |     0.098 |
|     inst        |     0.098 |
+-----------------+-----------+


